# JRE version: OpenJDK Runtime Environment (11.0.10+9) (build 11.0.10+9-Ubuntu-0ubuntu1.18.04)
# Java VM: OpenJDK 64-Bit Server VM (11.0.10+9-Ubuntu-0ubuntu1.18.04, mixed mode, sharing, tiered, compressed oops, g1 gc, linux-amd64)
Heap:
 garbage-first heap   total 264192K, used 176271K [0x00000000e0000000, 0x0000000100000000)
  region size 1024K, 78 young (79872K), 2 survivors (2048K)
 Metaspace       used 113773K, capacity 117627K, committed 118040K, reserved 356352K
  class space    used 14253K, capacity 15755K, committed 15896K, reserved 253952K
GC Heap History (20 events):
Event: 16528.216 GC heap before
{Heap before GC invocations=61 (full 0):
 garbage-first heap   total 264192K, used 104120K [0x00000000e0000000, 0x0000000100000000)
  region size 1024K, 12 young (12288K), 2 survivors (2048K)
 Metaspace       used 113440K, capacity 117442K, committed 117784K, reserved 356352K
  class space    used 14263K, capacity 15772K, committed 15896K, reserved 253952K
}
Event: 16528.242 GC heap after
{Heap after GC invocations=62 (full 0):
 garbage-first heap   total 264192K, used 87074K [0x00000000e0000000, 0x0000000100000000)
  region size 1024K, 2 young (2048K), 2 survivors (2048K)
 Metaspace       used 113440K, capacity 117442K, committed 117784K, reserved 356352K
  class space    used 14263K, capacity 15772K, committed 15896K, reserved 253952K
}
Event: 16530.219 GC heap before
{Heap before GC invocations=62 (full 0):
 garbage-first heap   total 264192K, used 199714K [0x00000000e0000000, 0x0000000100000000)
  region size 1024K, 113 young (115712K), 2 survivors (2048K)
 Metaspace       used 113512K, capacity 117521K, committed 117784K, reserved 356352K
  class space    used 14265K, capacity 15774K, committed 15896K, reserved 253952K
}
Event: 16530.259 GC heap after
{Heap after GC invocations=63 (full 0):
 garbage-first heap   total 264192K, used 92796K [0x00000000e0000000, 0x0000000100000000)
  region size 1024K, 8 young (8192K), 8 survivors (8192K)
 Metaspace       used 113512K, capacity 117521K, committed 117784K, reserved 356352K
  class space    used 14265K, capacity 15774K, committed 15896K, reserved 253952K
}
Event: 17509.997 GC heap before
{Heap before GC invocations=64 (full 0):
 garbage-first heap   total 264192K, used 204412K [0x00000000e0000000, 0x0000000100000000)
  region size 1024K, 118 young (120832K), 8 survivors (8192K)
 Metaspace       used 113660K, capacity 117670K, committed 118040K, reserved 356352K
  class space    used 14270K, capacity 15778K, committed 15896K, reserved 253952K
}
Event: 17510.044 GC heap after
{Heap after GC invocations=65 (full 0):
 garbage-first heap   total 264192K, used 99269K [0x00000000e0000000, 0x0000000100000000)
  region size 1024K, 14 young (14336K), 14 survivors (14336K)
 Metaspace       used 113660K, capacity 117670K, committed 118040K, reserved 356352K
  class space    used 14270K, capacity 15778K, committed 15896K, reserved 253952K
}
Event: 17510.050 GC heap before
{Heap before GC invocations=65 (full 0):
 garbage-first heap   total 264192K, used 100293K [0x00000000e0000000, 0x0000000100000000)
  region size 1024K, 15 young (15360K), 14 survivors (14336K)
 Metaspace       used 113660K, capacity 117670K, committed 118040K, reserved 356352K
  class space    used 14270K, capacity 15778K, committed 15896K, reserved 253952K
}
Event: 17510.126 GC heap after
{Heap after GC invocations=66 (full 0):
 garbage-first heap   total 264192K, used 99635K [0x00000000e0000000, 0x0000000100000000)
  region size 1024K, 2 young (2048K), 2 survivors (2048K)
 Metaspace       used 113660K, capacity 117670K, committed 118040K, reserved 356352K
  class space    used 14270K, capacity 15778K, committed 15896K, reserved 253952K
}
Event: 17511.023 GC heap before
{Heap before GC invocations=66 (full 0):
 garbage-first heap   total 264192K, used 206131K [0x00000000e0000000, 0x0000000100000000)
  region size 1024K, 107 young (109568K), 2 survivors (2048K)
 Metaspace       used 113681K, capacity 117676K, committed 118040K, reserved 356352K
  class space    used 14272K, capacity 15779K, committed 15896K, reserved 253952K
}
Event: 17511.040 GC heap after
{Heap after GC invocations=67 (full 0):
 garbage-first heap   total 264192K, used 101110K [0x00000000e0000000, 0x0000000100000000)
  region size 1024K, 4 young (4096K), 4 survivors (4096K)
 Metaspace       used 113681K, capacity 117676K, committed 118040K, reserved 356352K
  class space    used 14272K, capacity 15779K, committed 15896K, reserved 253952K
}
Event: 22009.497 GC heap before
{Heap before GC invocations=68 (full 0):
 garbage-first heap   total 264192K, used 210678K [0x00000000e0000000, 0x0000000100000000)
  region size 1024K, 111 young (113664K), 4 survivors (4096K)
 Metaspace       used 113386K, capacity 117126K, committed 118040K, reserved 356352K
  class space    used 14168K, capacity 15574K, committed 15896K, reserved 253952K
}
Event: 22009.513 GC heap after
{Heap after GC invocations=69 (full 0):
 garbage-first heap   total 264192K, used 100274K [0x00000000e0000000, 0x0000000100000000)
  region size 1024K, 3 young (3072K), 3 survivors (3072K)
 Metaspace       used 113386K, capacity 117126K, committed 118040K, reserved 356352K
  class space    used 14168K, capacity 15574K, committed 15896K, reserved 253952K
}
Event: 22429.797 GC heap before
{Heap before GC invocations=69 (full 0):
 garbage-first heap   total 264192K, used 108466K [0x00000000e0000000, 0x0000000100000000)
  region size 1024K, 12 young (12288K), 3 survivors (3072K)
 Metaspace       used 113386K, capacity 117126K, committed 118040K, reserved 356352K
  class space    used 14168K, capacity 15574K, committed 15896K, reserved 253952K
}
Event: 22429.850 GC heap after
{Heap after GC invocations=70 (full 0):
 garbage-first heap   total 264192K, used 88066K [0x00000000e0000000, 0x0000000100000000)
  region size 1024K, 1 young (1024K), 1 survivors (1024K)
 Metaspace       used 113386K, capacity 117126K, committed 118040K, reserved 356352K
  class space    used 14168K, capacity 15574K, committed 15896K, reserved 253952K
}
Event: 26277.986 GC heap before
{Heap before GC invocations=70 (full 0):
 garbage-first heap   total 264192K, used 209922K [0x00000000e0000000, 0x0000000100000000)
  region size 1024K, 120 young (122880K), 1 survivors (1024K)
 Metaspace       used 113549K, capacity 117364K, committed 118040K, reserved 356352K
  class space    used 14219K, capacity 15682K, committed 15896K, reserved 253952K
}
Event: 26278.009 GC heap after
{Heap after GC invocations=71 (full 0):
 garbage-first heap   total 264192K, used 91771K [0x00000000e0000000, 0x0000000100000000)
  region size 1024K, 5 young (5120K), 5 survivors (5120K)
 Metaspace       used 113549K, capacity 117364K, committed 118040K, reserved 356352K
  class space    used 14219K, capacity 15682K, committed 15896K, reserved 253952K
}
Event: 26280.135 GC heap before
{Heap before GC invocations=72 (full 0):
 garbage-first heap   total 264192K, used 211579K [0x00000000e0000000, 0x0000000100000000)
  region size 1024K, 123 young (125952K), 5 survivors (5120K)
 Metaspace       used 113732K, capacity 117608K, committed 118040K, reserved 356352K
  class space    used 14250K, capacity 15749K, committed 15896K, reserved 253952K
}
Event: 26280.199 GC heap after
{Heap after GC invocations=73 (full 0):
 garbage-first heap   total 264192K, used 99845K [0x00000000e0000000, 0x0000000100000000)
  region size 1024K, 12 young (12288K), 12 survivors (12288K)
 Metaspace       used 113732K, capacity 117608K, committed 118040K, reserved 356352K
  class space    used 14250K, capacity 15749K, committed 15896K, reserved 253952K
}
Event: 26280.210 GC heap before
{Heap before GC invocations=73 (full 0):
 garbage-first heap   total 264192K, used 100869K [0x00000000e0000000, 0x0000000100000000)
  region size 1024K, 13 young (13312K), 12 survivors (12288K)
 Metaspace       used 113732K, capacity 117608K, committed 118040K, reserved 356352K
  class space    used 14250K, capacity 15749K, committed 15896K, reserved 253952K
}
Event: 26280.249 GC heap after
{Heap after GC invocations=74 (full 0):
 garbage-first heap   total 264192K, used 100495K [0x00000000e0000000, 0x0000000100000000)
  region size 1024K, 2 young (2048K), 2 survivors (2048K)
 Metaspace       used 113732K, capacity 117608K, committed 118040K, reserved 356352K
  class space    used 14250K, capacity 15749K, committed 15896K, reserved 253952K
}

